<?xml version="1.0" encoding="UTF-8"?>
<!-- Generated by org.testng.reporters.JUnitReportReporter -->
<testsuite hostname="DESKTOP-7IVDP17" name="Testcase.TC_01" tests="1" failures="0" timestamp="16 May 2018 02:31:10 GMT" time="0.041" errors="0">
  <testcase name="testcase_01" time="0.041" classname="Testcase.TC_01"/>
</testsuite> <!-- Testcase.TC_01 -->
