<?xml version="1.0" encoding="UTF-8"?>
<!-- Generated by org.testng.reporters.JUnitReportReporter -->
<testsuite hostname="DESKTOP-7IVDP17" name="Testcase.TC_01" tests="1" failures="0" timestamp="15 May 2018 02:07:35 GMT" time="0.017" errors="0">
  <testcase name="testcase_01" time="0.017" classname="Testcase.TC_01"/>
</testsuite> <!-- Testcase.TC_01 -->
